<?xml version="1.0" encoding="UTF-8"?>
<!-- Generated by org.testng.reporters.JUnitReportReporter -->
<testsuite skipped="0" hostname="DESKTOP-GM20KQQ" name="testScripts.RunnerTest" tests="3" failures="0" timestamp="2022-03-19T09:27:24 IST" time="16.830" errors="0">
  <testcase name="landingTest" time="5.265" classname="testScripts.RunnerTest"/>
  <system-out/>
  <testcase name="loginClass" time="6.228" classname="testScripts.RunnerTest"/>
  <system-out/>
  <testcase name="personalInformationTest" time="5.337" classname="testScripts.RunnerTest"/>
  <system-out/>
</testsuite> <!-- testScripts.RunnerTest -->
