<?xml version="1.0" encoding="UTF-8"?>
<!-- Generated by org.testng.reporters.JUnitReportReporter -->
<testsuite skipped="0" hostname="DESKTOP-GM20KQQ" name="base.TestClass" tests="2" failures="0" timestamp="2022-03-13T08:31:13 IST" time="34.307" errors="0">
  <testcase name="test" time="20.210" classname="base.TestClass"/>
  <system-out/>
  <testcase name="invalidtest" time="14.097" classname="base.TestClass"/>
  <system-out/>
</testsuite> <!-- base.TestClass -->
