<?xml version="1.0" encoding="UTF-8"?>
<!-- Generated by org.testng.reporters.JUnitReportReporter -->
<testsuite skipped="0" hostname="DESKTOP-GM20KQQ" name="Demo.MavenProject5Demo.MavenTest" tests="1" failures="0" timestamp="2022-03-13T08:03:43 IST" time="19.935" errors="0">
  <testcase name="test" time="19.935" classname="Demo.MavenProject5Demo.MavenTest"/>
  <system-out/>
</testsuite> <!-- Demo.MavenProject5Demo.MavenTest -->
